<?xml version="1.0" encoding="UTF-8"?>
<!-- Generated by org.testng.reporters.JUnitReportReporter -->
<testsuite skipped="0" hostname="DESKTOP-2K2AP8P" name="Org.base.Loginpage" tests="1" failures="0" timestamp="03 Aug 2021 09:50:24 GMT" time="8.274" errors="0">
  <testcase name="Test" time="8.274" classname="Org.base.Loginpage"/>
</testsuite> <!-- Org.base.Loginpage -->
